--- previous
+++ current
@@ -1,8 +1,8 @@
 Building configuration...
 
-Current configuration : 3921 bytes
+Current configuration : 3967 bytes
 !
-! Last configuration change at 21:32:48 UTC Wed May 21 2025
+! Last configuration change at 21:37:10 UTC Wed May 21 2025 by cisco
 !
 version 16.9
 service timestamps debug datetime msec
@@ -17,6 +17,7 @@
 boot-end-marker
 !
 !
+no logging console
 !
 no aaa new-model
 !
@@ -168,6 +169,7 @@
 ^C
 !
 line con 0
+ exec-timeout 0 0
  logging synchronous
  stopbits 1
 line vty 0 4