--- previous
+++ current
@@ -1,8 +1,8 @@
 Building configuration...
 
-Current configuration : 4031 bytes
+Current configuration : 3921 bytes
 !
-! Last configuration change at 12:42:56 UTC Sat May 17 2025
+! Last configuration change at 22:11:58 UTC Mon May 19 2025
 !
 version 16.9
 service timestamps debug datetime msec
@@ -61,30 +61,30 @@
  certificate self-signed 01
   30820330 30820218 A0030201 02020101 300D0609 2A864886 F70D0101 05050030 
   31312F30 2D060355 04031326 494F532D 53656C66 2D536967 6E65642D 43657274 
-  69666963 6174652D 31373339 39343737 3632301E 170D3235 30353137 31323133 
-  34345A17 0D333030 31303130 30303030 305A3031 312F302D 06035504 03132649 
+  69666963 6174652D 31373339 39343737 3632301E 170D3235 30353139 32323132 
+  31355A17 0D333030 31303130 30303030 305A3031 312F302D 06035504 03132649 
   4F532D53 656C662D 5369676E 65642D43 65727469 66696361 74652D31 37333939 
   34373736 32308201 22300D06 092A8648 86F70D01 01010500 0382010F 00308201 
-  0A028201 0100C45D 77403AD4 C7BB2248 9CD5CE54 7E46AD8F 10EAD718 B8E5D545 
-  20882CF3 84776FEA AB48701E A34D87EA 4EA46395 13D71E8B 53E26A37 B71E683E 
-  BE823322 19ECC8AB 399BB2CA AD5F3C54 D11C2A1D 02E5B4CB 5AA8D99F B9955E05 
-  BFF5089F 8D781234 F9CDDD6D A8A2931D 014DBE56 C883DBAB 24001DED 79ABE2F1 
-  846498CB 5F729574 7101DBA5 CBBFC61E 02FFCA1C 7D36293C 1755273B E16AF74C 
-  CE41D82C 4203DD7A E22B1E01 F52BCD3D 075034D3 BD90565A 85C9C35A C31F100F 
-  748BCF7E C147CE26 C19A5E4A BD6E9C63 F40A6294 DDAC9DA7 EDFA6ACE 39937256 
-  FABE43E2 9C9C5DDE C279E782 D0F9F34F E52988E4 69DE25BF 719D60EC 5E3DD307 
-  20C43A3A C8670203 010001A3 53305130 0F060355 1D130101 FF040530 030101FF 
-  301F0603 551D2304 18301680 14D6ADDB 8ACADA24 8BA37E16 DA3EF7F0 039394AB 
-  91301D06 03551D0E 04160414 D6ADDB8A CADA248B A37E16DA 3EF7F003 9394AB91 
-  300D0609 2A864886 F70D0101 05050003 82010100 B49CBCD2 69165C48 80B2656C 
-  ED3CE160 5B6585D1 3FC35F80 FAE21A60 D2E0CEBF 05679873 0D704044 AA8CF019 
-  08E5B2D6 A6867C17 1BDA9D3D F0FEC2EC DE722224 FB0964E1 156E0165 EC3F7BCD 
-  C032F7D4 1A0A3E58 1AD782DA 8BBB9CD6 E70BEA19 A6F0FFE1 6F66ECF7 44B7EFA1 
-  EB65DB79 4B26158E D2511D81 3F8A0054 8E59C0C1 32BF1559 74C198E0 9B284A4E 
-  F1386DB0 123FF025 A2748342 361DAB86 6D4AE2DF 1CF08FB3 19670B29 F61D257E 
-  55800D26 712AEA73 4BFE49C8 06C35B2D 022626F6 9BCC693E AC06A3A6 9F25A93F 
-  BC88D215 509132A1 8F4D104B DFB48E5B CE3EFAFE E31BB30B 1DCA8168 3867DD37 
-  9F11015B 6D93A22B 517170ED C7C02D5E 48013CE1
+  0A028201 0100CDAB D8EF51E9 0CAB7A7D 15BC1EB3 E10E7797 463C0D1A E4A933CB 
+  13F004B6 5C162BE8 669149F3 3214D6AB C3614887 DD6D2AAB 8DC27505 1E4C307D 
+  517B378E 6F4A7E15 CF24D620 5DB59357 37C5B923 EA0C6665 1D8799EC 34A37DF6 
+  376DCF3A 4140C683 992841BB 9A553339 CA50D83C 6D656E40 80563743 E7F1A62F 
+  7CE79034 8266FAE8 B9D8C27C 69C2C28A 2F3B592F F5F26764 488A790C BECA72C6 
+  0BFD5774 D60D5D14 718970C3 3D4D8FC0 454CB100 EEE9BBBC BC623D59 47941044 
+  9C972BAA 97009A31 BDBF7005 198363E8 95A5C47C F38529AA D5E9C4B2 6BE2D564 
+  489EA3F1 D9004E15 2B6BC2D7 F1695279 CE7263A1 24A78531 F7016367 C5913760 
+  5CA06F2F CDAD0203 010001A3 53305130 0F060355 1D130101 FF040530 030101FF 
+  301F0603 551D2304 18301680 14AE53D9 1E4E8D70 03C981D0 E1DF8F57 98FE9F0E 
+  5C301D06 03551D0E 04160414 AE53D91E 4E8D7003 C981D0E1 DF8F5798 FE9F0E5C 
+  300D0609 2A864886 F70D0101 05050003 82010100 C737ADFE E1FD08DB B6971C81 
+  2A46ED7A 4BC7BB22 9E00CBF9 6D6525C7 FE5DB3B1 1E0F693F 81D6A928 9D9FD963 
+  698852E3 8851C97C 0C688CA7 A527A9A1 E47C4160 A324BDAA ECA5ACBF C4C00773 
+  E755B661 D914BCBC 32CFD933 50C8E488 5FB2B4D1 A9DC514F 1F11F271 8053070E 
+  77BDF04C EF3459C6 AFFA2D40 15DCD5D2 93FD21C6 FFA13E09 8C51079A 6FBE94CF 
+  4DAAA7B3 98B2D017 738DEBF1 5E1DBC51 70F53FEB 164E18BD C21ADBA1 229BBC4D 
+  7272E449 09ADCF0C E376B2DD 1EC6C6B3 0B3B3894 64225FCB 0319DB54 4ADB077F 
+  3D5555D2 BF5DACA7 B76EA8F5 D748B1A2 553ECD89 A901CEA7 BC48FB0D E3FDB213 
+  C66AF6CE 507FF387 3A367B06 6F600A37 7BF100A8
   	quit
 !
 !
@@ -129,12 +129,6 @@
 ! 
 ! 
 !
-!
-interface Loopback0
- ip address 10.4.1.1 255.255.0.0
-!
-interface Loopback1
- ip address 10.5.1.1 255.255.0.0
 !
 interface GigabitEthernet1
  description VBox