--- previous
+++ current
@@ -2,7 +2,7 @@
 
 Current configuration : 3921 bytes
 !
-! Last configuration change at 22:11:58 UTC Mon May 19 2025
+! Last configuration change at 20:40:11 UTC Wed May 21 2025
 !
 version 16.9
 service timestamps debug datetime msec
@@ -61,30 +61,30 @@
  certificate self-signed 01
   30820330 30820218 A0030201 02020101 300D0609 2A864886 F70D0101 05050030 
   31312F30 2D060355 04031326 494F532D 53656C66 2D536967 6E65642D 43657274 
-  69666963 6174652D 31373339 39343737 3632301E 170D3235 30353139 32323132 
-  31355A17 0D333030 31303130 30303030 305A3031 312F302D 06035504 03132649 
+  69666963 6174652D 31373339 39343737 3632301E 170D3235 30353231 32303430 
+  32375A17 0D333030 31303130 30303030 305A3031 312F302D 06035504 03132649 
   4F532D53 656C662D 5369676E 65642D43 65727469 66696361 74652D31 37333939 
   34373736 32308201 22300D06 092A8648 86F70D01 01010500 0382010F 00308201 
-  0A028201 0100CDAB D8EF51E9 0CAB7A7D 15BC1EB3 E10E7797 463C0D1A E4A933CB 
-  13F004B6 5C162BE8 669149F3 3214D6AB C3614887 DD6D2AAB 8DC27505 1E4C307D 
-  517B378E 6F4A7E15 CF24D620 5DB59357 37C5B923 EA0C6665 1D8799EC 34A37DF6 
-  376DCF3A 4140C683 992841BB 9A553339 CA50D83C 6D656E40 80563743 E7F1A62F 
-  7CE79034 8266FAE8 B9D8C27C 69C2C28A 2F3B592F F5F26764 488A790C BECA72C6 
-  0BFD5774 D60D5D14 718970C3 3D4D8FC0 454CB100 EEE9BBBC BC623D59 47941044 
-  9C972BAA 97009A31 BDBF7005 198363E8 95A5C47C F38529AA D5E9C4B2 6BE2D564 
-  489EA3F1 D9004E15 2B6BC2D7 F1695279 CE7263A1 24A78531 F7016367 C5913760 
-  5CA06F2F CDAD0203 010001A3 53305130 0F060355 1D130101 FF040530 030101FF 
-  301F0603 551D2304 18301680 14AE53D9 1E4E8D70 03C981D0 E1DF8F57 98FE9F0E 
-  5C301D06 03551D0E 04160414 AE53D91E 4E8D7003 C981D0E1 DF8F5798 FE9F0E5C 
-  300D0609 2A864886 F70D0101 05050003 82010100 C737ADFE E1FD08DB B6971C81 
-  2A46ED7A 4BC7BB22 9E00CBF9 6D6525C7 FE5DB3B1 1E0F693F 81D6A928 9D9FD963 
-  698852E3 8851C97C 0C688CA7 A527A9A1 E47C4160 A324BDAA ECA5ACBF C4C00773 
-  E755B661 D914BCBC 32CFD933 50C8E488 5FB2B4D1 A9DC514F 1F11F271 8053070E 
-  77BDF04C EF3459C6 AFFA2D40 15DCD5D2 93FD21C6 FFA13E09 8C51079A 6FBE94CF 
-  4DAAA7B3 98B2D017 738DEBF1 5E1DBC51 70F53FEB 164E18BD C21ADBA1 229BBC4D 
-  7272E449 09ADCF0C E376B2DD 1EC6C6B3 0B3B3894 64225FCB 0319DB54 4ADB077F 
-  3D5555D2 BF5DACA7 B76EA8F5 D748B1A2 553ECD89 A901CEA7 BC48FB0D E3FDB213 
-  C66AF6CE 507FF387 3A367B06 6F600A37 7BF100A8
+  0A028201 0100B380 6DA36F02 47C45002 79723174 00808BCF 7BE08A84 AEE8477D 
+  B18EDE7E 18B16909 857C1D86 E407DD5F FA650A93 50815D1D 34FBB270 F29CAEAC 
+  A4EB7F96 3C4264DA 53A1F5A4 AEFD2159 E4A81ACC BCB53722 C68AA945 232E8967 
+  0491BC9B 66049E25 16A7F793 7F5FA671 D092B5D4 A859D0F9 7BEAE78D 3B5D1431 
+  2391119E DEF98C8E 38950BF5 B8C856CB 88FB2F26 C272FBC7 999FB732 1D2A79C7 
+  3F08A7A2 9D6FC878 A107786A DE132BDB 390811FD 40A0ECCE 877534A0 F3352974 
+  C96DE45C 63E53298 CC7138B3 D1614B4B 628B23F5 27051371 071719C6 DADC0C25 
+  AA52ECD0 23BBFAC3 71442DAF 3D070111 D40DDF01 DFE23FDF E139C99F D6A57BF4 
+  BF51EAC4 997F0203 010001A3 53305130 0F060355 1D130101 FF040530 030101FF 
+  301F0603 551D2304 18301680 14280253 C5511F4A E72B8820 3354D28F 170BECE6 
+  C0301D06 03551D0E 04160414 280253C5 511F4AE7 2B882033 54D28F17 0BECE6C0 
+  300D0609 2A864886 F70D0101 05050003 82010100 97AD7710 33446D33 F2157168 
+  61F75101 2183BE55 F26380FF 0A1B51E0 E5CBB489 BB43041D 08EED6B5 7B02F785 
+  F76E51DE 4ECA0169 0578F0B9 0EC538DD 9398EB77 7D19E44B CB2C9183 27EEC284 
+  6313A788 1637AFFA C21B4E6C 129A0AB9 5863458F 497C814E 2AEF9279 FF475778 
+  118C96E2 D2C55C33 90A44BE1 514A01B8 3E97EA57 5BEC2559 2DF88F97 C6BDB9C8 
+  CB59BE8E C82D2796 96AB20B4 3215E725 23433919 D8B90950 3346CEFA 1EBBB8AE 
+  3F54D2C8 65B198F2 B6BCDD98 8D6D4F9E 0D863DF3 E52886FF A8220272 C3D204F7 
+  66BD3529 2C0CA36B 28EB0269 7A255B66 ED92CD95 6E755A5B AD702939 31D0C92E 
+  6EFBAB76 1D7ECBD2 70847595 080E55F6 0118226C
   	quit
 !
 !