--- previous
+++ current
@@ -1,8 +1,8 @@
 Building configuration...
 
-Current configuration : 4136 bytes
+Current configuration : 4182 bytes
 !
-! Last configuration change at 22:12:02 UTC Mon May 19 2025
+! Last configuration change at 23:10:47 UTC Mon May 19 2025 by cisco
 !
 version 16.9
 service timestamps debug datetime msec
@@ -17,6 +17,7 @@
 boot-end-marker
 !
 !
+no logging console
 !
 no aaa new-model
 !
@@ -175,6 +176,7 @@
 ^C
 !
 line con 0
+ exec-timeout 0 0
  logging synchronous
  stopbits 1
 line vty 0 4